0 info it worked if it ends with ok
1 verbose cli [ '/Users/nikjohn/.nvm/versions/node/v6.9.4/bin/node',
1 verbose cli   '/Users/nikjohn/.nvm/versions/node/v6.9.4/bin/npm',
1 verbose cli   'run',
1 verbose cli   'unit' ]
2 info using npm@3.10.10
3 info using node@v6.9.4
4 verbose stack Error: missing script: unit
4 verbose stack     at run (/Users/nikjohn/.nvm/versions/node/v6.9.4/lib/node_modules/npm/lib/run-script.js:151:19)
4 verbose stack     at /Users/nikjohn/.nvm/versions/node/v6.9.4/lib/node_modules/npm/lib/run-script.js:61:5
4 verbose stack     at /Users/nikjohn/.nvm/versions/node/v6.9.4/lib/node_modules/npm/node_modules/read-package-json/read-json.js:356:5
4 verbose stack     at checkBinReferences_ (/Users/nikjohn/.nvm/versions/node/v6.9.4/lib/node_modules/npm/node_modules/read-package-json/read-json.js:320:45)
4 verbose stack     at final (/Users/nikjohn/.nvm/versions/node/v6.9.4/lib/node_modules/npm/node_modules/read-package-json/read-json.js:354:3)
4 verbose stack     at then (/Users/nikjohn/.nvm/versions/node/v6.9.4/lib/node_modules/npm/node_modules/read-package-json/read-json.js:124:5)
4 verbose stack     at /Users/nikjohn/.nvm/versions/node/v6.9.4/lib/node_modules/npm/node_modules/read-package-json/read-json.js:311:12
4 verbose stack     at /Users/nikjohn/.nvm/versions/node/v6.9.4/lib/node_modules/npm/node_modules/graceful-fs/graceful-fs.js:78:16
4 verbose stack     at tryToString (fs.js:455:3)
4 verbose stack     at FSReqWrap.readFileAfterClose [as oncomplete] (fs.js:442:12)
5 verbose cwd /Users/nikjohn/Documents/Code/crossover_video_portal/video_portal_api-master
6 error Darwin 16.4.0
7 error argv "/Users/nikjohn/.nvm/versions/node/v6.9.4/bin/node" "/Users/nikjohn/.nvm/versions/node/v6.9.4/bin/npm" "run" "unit"
8 error node v6.9.4
9 error npm  v3.10.10
10 error missing script: unit
11 error If you need help, you may report this error at:
11 error     <https://github.com/npm/npm/issues>
12 verbose exit [ 1, true ]
